<?xml version="1.0" encoding="UTF-8"?>
<testsuite xmlns:xsi="http://www.w3.org/2001/XMLSchema-instance" xsi:noNamespaceSchemaLocation="https://maven.apache.org/surefire/maven-surefire-plugin/xsd/surefire-test-report.xsd" name="com.b150005.customizabletimerforwindows.AppTest" time="0.063" tests="1" errors="0" skipped="0" failures="0">
  <properties>
    <property name="java.specification.version" value="17"/>
    <property name="sun.jnu.encoding" value="UTF-8"/>
    <property name="java.class.path" value="/Users/nito/Library/Mobile Documents/com~apple~CloudDocs/Develop/App/customizable-timer-for-windows/target/test-classes:/Users/nito/Library/Mobile Documents/com~apple~CloudDocs/Develop/App/customizable-timer-for-windows/target/classes:/Users/nito/.m2/repository/junit/junit/4.11/junit-4.11.jar:/Users/nito/.m2/repository/org/hamcrest/hamcrest-core/1.3/hamcrest-core-1.3.jar:/Users/nito/.m2/repository/org/openjfx/javafx-controls/17/javafx-controls-17.jar:/Users/nito/.m2/repository/org/openjfx/javafx-controls/17/javafx-controls-17-mac.jar:/Users/nito/.m2/repository/org/openjfx/javafx-graphics/17/javafx-graphics-17.jar:/Users/nito/.m2/repository/org/openjfx/javafx-graphics/17/javafx-graphics-17-mac.jar:/Users/nito/.m2/repository/org/openjfx/javafx-base/17/javafx-base-17.jar:/Users/nito/.m2/repository/org/openjfx/javafx-base/17/javafx-base-17-mac.jar:/Users/nito/.m2/repository/org/openjfx/javafx-fxml/17.0.1/javafx-fxml-17.0.1.jar:/Users/nito/.m2/repository/org/openjfx/javafx-fxml/17.0.1/javafx-fxml-17.0.1-mac.jar:/Users/nito/.m2/repository/io/lettuce/lettuce-core/6.1.5.RELEASE/lettuce-core-6.1.5.RELEASE.jar:/Users/nito/.m2/repository/io/netty/netty-common/4.1.68.Final/netty-common-4.1.68.Final.jar:/Users/nito/.m2/repository/io/netty/netty-handler/4.1.68.Final/netty-handler-4.1.68.Final.jar:/Users/nito/.m2/repository/io/netty/netty-resolver/4.1.68.Final/netty-resolver-4.1.68.Final.jar:/Users/nito/.m2/repository/io/netty/netty-buffer/4.1.68.Final/netty-buffer-4.1.68.Final.jar:/Users/nito/.m2/repository/io/netty/netty-codec/4.1.68.Final/netty-codec-4.1.68.Final.jar:/Users/nito/.m2/repository/io/netty/netty-transport/4.1.68.Final/netty-transport-4.1.68.Final.jar:/Users/nito/.m2/repository/io/projectreactor/reactor-core/3.3.20.RELEASE/reactor-core-3.3.20.RELEASE.jar:/Users/nito/.m2/repository/org/reactivestreams/reactive-streams/1.0.3/reactive-streams-1.0.3.jar:"/>
    <property name="java.vm.vendor" value="Homebrew"/>
    <property name="sun.arch.data.model" value="64"/>
    <property name="java.vendor.url" value="https://github.com/Homebrew/homebrew-core/issues"/>
    <property name="os.name" value="Mac OS X"/>
    <property name="java.vm.specification.version" value="17"/>
    <property name="sun.java.launcher" value="SUN_STANDARD"/>
    <property name="user.country" value="JP"/>
    <property name="sun.boot.library.path" value="/usr/local/Cellar/openjdk/17.0.1_1/libexec/openjdk.jdk/Contents/Home/lib"/>
    <property name="sun.java.command" value="/Users/nito/Library/Mobile Documents/com~apple~CloudDocs/Develop/App/customizable-timer-for-windows/target/surefire/surefirebooter163954082743629592.jar /Users/nito/Library/Mobile Documents/com~apple~CloudDocs/Develop/App/customizable-timer-for-windows/target/surefire 2021-12-25T17-47-15_909-jvmRun1 surefire6538327983447182908tmp surefire_015124175979386740360tmp"/>
    <property name="http.nonProxyHosts" value="local|*.local|169.254/16|*.169.254/16"/>
    <property name="jdk.debug" value="release"/>
    <property name="surefire.test.class.path" value="/Users/nito/Library/Mobile Documents/com~apple~CloudDocs/Develop/App/customizable-timer-for-windows/target/test-classes:/Users/nito/Library/Mobile Documents/com~apple~CloudDocs/Develop/App/customizable-timer-for-windows/target/classes:/Users/nito/.m2/repository/junit/junit/4.11/junit-4.11.jar:/Users/nito/.m2/repository/org/hamcrest/hamcrest-core/1.3/hamcrest-core-1.3.jar:/Users/nito/.m2/repository/org/openjfx/javafx-controls/17/javafx-controls-17.jar:/Users/nito/.m2/repository/org/openjfx/javafx-controls/17/javafx-controls-17-mac.jar:/Users/nito/.m2/repository/org/openjfx/javafx-graphics/17/javafx-graphics-17.jar:/Users/nito/.m2/repository/org/openjfx/javafx-graphics/17/javafx-graphics-17-mac.jar:/Users/nito/.m2/repository/org/openjfx/javafx-base/17/javafx-base-17.jar:/Users/nito/.m2/repository/org/openjfx/javafx-base/17/javafx-base-17-mac.jar:/Users/nito/.m2/repository/org/openjfx/javafx-fxml/17.0.1/javafx-fxml-17.0.1.jar:/Users/nito/.m2/repository/org/openjfx/javafx-fxml/17.0.1/javafx-fxml-17.0.1-mac.jar:/Users/nito/.m2/repository/io/lettuce/lettuce-core/6.1.5.RELEASE/lettuce-core-6.1.5.RELEASE.jar:/Users/nito/.m2/repository/io/netty/netty-common/4.1.68.Final/netty-common-4.1.68.Final.jar:/Users/nito/.m2/repository/io/netty/netty-handler/4.1.68.Final/netty-handler-4.1.68.Final.jar:/Users/nito/.m2/repository/io/netty/netty-resolver/4.1.68.Final/netty-resolver-4.1.68.Final.jar:/Users/nito/.m2/repository/io/netty/netty-buffer/4.1.68.Final/netty-buffer-4.1.68.Final.jar:/Users/nito/.m2/repository/io/netty/netty-codec/4.1.68.Final/netty-codec-4.1.68.Final.jar:/Users/nito/.m2/repository/io/netty/netty-transport/4.1.68.Final/netty-transport-4.1.68.Final.jar:/Users/nito/.m2/repository/io/projectreactor/reactor-core/3.3.20.RELEASE/reactor-core-3.3.20.RELEASE.jar:/Users/nito/.m2/repository/org/reactivestreams/reactive-streams/1.0.3/reactive-streams-1.0.3.jar:"/>
    <property name="sun.cpu.endian" value="little"/>
    <property name="user.home" value="/Users/nito"/>
    <property name="user.language" value="ja"/>
    <property name="java.specification.vendor" value="Oracle Corporation"/>
    <property name="java.version.date" value="2021-10-19"/>
    <property name="java.home" value="/usr/local/Cellar/openjdk/17.0.1_1/libexec/openjdk.jdk/Contents/Home"/>
    <property name="file.separator" value="/"/>
    <property name="basedir" value="/Users/nito/Library/Mobile Documents/com~apple~CloudDocs/Develop/App/customizable-timer-for-windows"/>
    <property name="java.vm.compressedOopsMode" value="Zero based"/>
    <property name="line.separator" value="&#10;"/>
    <property name="java.specification.name" value="Java Platform API Specification"/>
    <property name="java.vm.specification.vendor" value="Oracle Corporation"/>
    <property name="surefire.real.class.path" value="/Users/nito/Library/Mobile Documents/com~apple~CloudDocs/Develop/App/customizable-timer-for-windows/target/surefire/surefirebooter163954082743629592.jar"/>
    <property name="sun.management.compiler" value="HotSpot 64-Bit Tiered Compilers"/>
    <property name="ftp.nonProxyHosts" value="local|*.local|169.254/16|*.169.254/16"/>
    <property name="java.runtime.version" value="17.0.1+1"/>
    <property name="user.name" value="nito"/>
    <property name="path.separator" value=":"/>
    <property name="os.version" value="12.1"/>
    <property name="java.runtime.name" value="OpenJDK Runtime Environment"/>
    <property name="file.encoding" value="UTF-8"/>
    <property name="java.vm.name" value="OpenJDK 64-Bit Server VM"/>
    <property name="java.vendor.version" value="Homebrew"/>
    <property name="localRepository" value="/Users/nito/.m2/repository"/>
    <property name="java.vendor.url.bug" value="https://github.com/Homebrew/homebrew-core/issues"/>
    <property name="java.io.tmpdir" value="/var/folders/lw/hd__ysv51j18rz5x5jmczmn00000gn/T/"/>
    <property name="java.version" value="17.0.1"/>
    <property name="user.dir" value="/Users/nito/Library/Mobile Documents/com~apple~CloudDocs/Develop/App/customizable-timer-for-windows"/>
    <property name="os.arch" value="x86_64"/>
    <property name="java.vm.specification.name" value="Java Virtual Machine Specification"/>
    <property name="native.encoding" value="UTF-8"/>
    <property name="java.library.path" value="/Users/nito/Library/Java/Extensions:/Library/Java/Extensions:/Network/Library/Java/Extensions:/System/Library/Java/Extensions:/usr/lib/java:."/>
    <property name="java.vm.info" value="mixed mode, sharing"/>
    <property name="java.vendor" value="Homebrew"/>
    <property name="java.vm.version" value="17.0.1+1"/>
    <property name="sun.io.unicode.encoding" value="UnicodeBig"/>
    <property name="socksNonProxyHosts" value="local|*.local|169.254/16|*.169.254/16"/>
    <property name="java.class.version" value="61.0"/>
  </properties>
  <testcase name="shouldAnswerWithTrue" classname="com.b150005.customizabletimerforwindows.AppTest" time="0.003"/>
</testsuite>